<?xml version="1.0" encoding="UTF-8"?>
<!-- Generated by org.testng.reporters.JUnitReportReporter -->
<testsuite hostname="user-pc" name="SeleniumChromeTest" tests="1" failures="0" timestamp="30 Jun 2017 06:52:47 GMT" time="15.094" errors="0">
  <testcase name="f" time="15.094" classname="SeleniumChromeTest"/>
</testsuite> <!-- SeleniumChromeTest -->
