<?xml version="1.0" encoding="UTF-8"?>
<!-- Generated by org.testng.reporters.JUnitReportReporter -->
<testsuite hostname="user-pc" name="LoginTest" tests="2" failures="0" timestamp="30 Jun 2017 06:52:47 GMT" time="0.000" errors="0">
  <testcase name="testcase001" time="0.000" classname="LoginTest"/>
  <testcase name="testcase002" time="0.000" classname="LoginTest"/>
</testsuite> <!-- LoginTest -->
